marcpa@MarcPaquette boot-ratpack-groovy-springcloud]$ gw clean run
Using gradle at '/Users/marcpa/Code/jrebel-spring-boot/boot-ratpack-groovy-springcloud/gradlew' to run buildfile '/Users/marcpa/Code/jrebel-spring-boot/boot-ratpack-groovy-springcloud/build.gradle':

Picked up JAVA_TOOL_OPTIONS: -Dfile.encoding=UTF-8
Starting a new Gradle Daemon for this build (subsequent builds will be faster).
:clean
:compileJava
:compileGroovy
Picked up JAVA_TOOL_OPTIONS: -Dfile.encoding=UTF-8
:processResources
:classes
:configureRun
:generateRebel
:run
Picked up JAVA_TOOL_OPTIONS: -Dfile.encoding=UTF-8
objc[27215]: Class JavaLaunchHelper is implemented in both /Library/Java/JavaVirtualMachines/jdk1.8.0_60.jdk/Contents/Home/bin/java and /Library/Java/JavaVirtualMachines/jdk1.8.0_60.jdk/Contents/Home/jre/lib/libinstrument.dylib. One of the two will be used. Which one is undefined.
JRebel: Starting logging to file: /Users/marcpa/.jrebel/jrebel.log
2016-01-24 12:30:05 JRebel:
2016-01-24 12:30:05 JRebel:  #############################################################
2016-01-24 12:30:05 JRebel:
2016-01-24 12:30:05 JRebel:  JRebel Legacy Agent 6.3.1 (201512181654)
2016-01-24 12:30:05 JRebel:  (c) Copyright ZeroTurnaround AS, Estonia, Tartu.
2016-01-24 12:30:05 JRebel:
2016-01-24 12:30:05 JRebel: A newer version '6.3.2' is available for download
2016-01-24 12:30:05 JRebel: from http://zeroturnaround.com/software/jrebel/download/
2016-01-24 12:30:05 JRebel:
2016-01-24 12:30:06 JRebel: Directory '/Users/marcpa/Code/jrebel-spring-boot/boot-ratpack-groovy-springcloud/build/resources/main' will be monitored for changes.
2016-01-24 12:30:06 JRebel: Directory '/Users/marcpa/Code/jrebel-spring-boot/boot-ratpack-groovy-springcloud/build/classes/main' will be monitored for changes.
2016-01-24 12:30:06 JRebel:
2016-01-24 12:30:06 JRebel:  Over the last 30 days JRebel prevented
2016-01-24 12:30:06 JRebel:  at least 49 redeploys/restarts saving you about 2 hours.
2016-01-24 12:30:06 JRebel:
2016-01-24 12:30:06 JRebel:  Over the last 365 days JRebel prevented
2016-01-24 12:30:06 JRebel:  at least 1044 redeploys/restarts saving you about 42,3 hours.
2016-01-24 12:30:06 JRebel:
2016-01-24 12:30:06 JRebel:  Licensed to Marc Paquette (ACCEO Solutions Inc. - Montreal)
2016-01-24 12:30:06 JRebel:
2016-01-24 12:30:06 JRebel:  License type: dedicated
2016-01-24 12:30:06 JRebel:  Valid from: June 26, 2015
2016-01-24 12:30:06 JRebel:  Valid until: June 25, 2016
2016-01-24 12:30:06 JRebel:
2016-01-24 12:30:06 JRebel:
2016-01-24 12:30:06 JRebel:  #############################################################
2016-01-24 12:30:06 JRebel:
12:30:06.413 [main] DEBUG i.n.u.i.l.InternalLoggerFactory - Using SLF4J as the default logging framework
12:30:06.419 [main] DEBUG io.netty.util.ResourceLeakDetector - -Dio.netty.leakDetection.level: simple
12:30:06.421 [main] DEBUG io.netty.util.ResourceLeakDetector - -Dio.netty.leakDetection.maxRecords: 4
12:30:06.425 [main] INFO  ratpack.server.RatpackServer - Starting server...
12:30:06.719 [main] DEBUG i.n.util.internal.PlatformDependent0 - java.nio.Buffer.address: available
12:30:06.719 [main] DEBUG i.n.util.internal.PlatformDependent0 - sun.misc.Unsafe.theUnsafe: available
12:30:06.719 [main] DEBUG i.n.util.internal.PlatformDependent0 - sun.misc.Unsafe.copyMemory: available
12:30:06.719 [main] DEBUG i.n.util.internal.PlatformDependent0 - java.nio.Bits.unaligned: true
12:30:06.720 [main] DEBUG i.n.util.internal.PlatformDependent - Java version: 8
12:30:06.720 [main] DEBUG i.n.util.internal.PlatformDependent - -Dio.netty.noUnsafe: false
12:30:06.720 [main] DEBUG i.n.util.internal.PlatformDependent - sun.misc.Unsafe: available
12:30:06.720 [main] DEBUG i.n.util.internal.PlatformDependent - -Dio.netty.noJavassist: false
12:30:06.780 [main] DEBUG i.n.util.internal.PlatformDependent - Javassist: available
12:30:06.780 [main] DEBUG i.n.util.internal.PlatformDependent - -Dio.netty.tmpdir: /var/folders/jq/phyt33l88xj9nz0059b__0nh0000gv/T (java.io.tmpdir)
12:30:06.780 [main] DEBUG i.n.util.internal.PlatformDependent - -Dio.netty.bitMode: 64 (sun.arch.data.model)
12:30:06.780 [main] DEBUG i.n.util.internal.PlatformDependent - -Dio.netty.noPreferDirect: false
12:30:06.805 [main] DEBUG i.n.buffer.PooledByteBufAllocator - -Dio.netty.allocator.numHeapArenas: 16
12:30:06.805 [main] DEBUG i.n.buffer.PooledByteBufAllocator - -Dio.netty.allocator.numDirectArenas: 16
12:30:06.805 [main] DEBUG i.n.buffer.PooledByteBufAllocator - -Dio.netty.allocator.pageSize: 8192
12:30:06.805 [main] DEBUG i.n.buffer.PooledByteBufAllocator - -Dio.netty.allocator.maxOrder: 11
12:30:06.805 [main] DEBUG i.n.buffer.PooledByteBufAllocator - -Dio.netty.allocator.chunkSize: 16777216
12:30:06.805 [main] DEBUG i.n.buffer.PooledByteBufAllocator - -Dio.netty.allocator.tinyCacheSize: 512
12:30:06.805 [main] DEBUG i.n.buffer.PooledByteBufAllocator - -Dio.netty.allocator.smallCacheSize: 256
12:30:06.805 [main] DEBUG i.n.buffer.PooledByteBufAllocator - -Dio.netty.allocator.normalCacheSize: 64
12:30:06.805 [main] DEBUG i.n.buffer.PooledByteBufAllocator - -Dio.netty.allocator.maxCachedBufferCapacity: 32768
12:30:06.805 [main] DEBUG i.n.buffer.PooledByteBufAllocator - -Dio.netty.allocator.cacheTrimInterval: 8192
12:30:06.812 [main] DEBUG io.netty.buffer.ByteBufUtil - -Dio.netty.allocator.type: pooled
12:30:06.813 [main] DEBUG io.netty.buffer.ByteBufUtil - -Dio.netty.threadLocalDirectBufferSize: 65536
12:30:07.401 [main] DEBUG i.n.c.MultithreadEventLoopGroup - -Dio.netty.eventLoopThreads: 16
12:30:07.470 [main] DEBUG io.netty.channel.nio.NioEventLoop - -Dio.netty.noKeySetOptimization: false
12:30:07.471 [main] DEBUG io.netty.channel.nio.NioEventLoop - -Dio.netty.selectorAutoRebuildThreshold: 512
12:30:07.482 [main] DEBUG i.n.u.i.JavassistTypeParameterMatcherGenerator - Generated: io.netty.util.internal.__matchers__.io.netty.handler.codec.http.HttpRequestMatcher
12:30:07.483 [main] INFO  ratpack.server.RatpackServer - Building registry...
2016-01-24 12:30:07 JRebel: Monitoring resource '/Users/marcpa/Code/jrebel-spring-boot/boot-ratpack-groovy-springcloud/build/resources/main/application.properties'.

  .   ____          _            __ _ _
 /\\ / ___'_ __ _ _(_)_ __  __ _ \ \ \ \
( ( )\___ | '_ | '_| | '_ \/ _` | \ \ \ \
 \\/  ___)| |_)| | | | | || (_| |  ) ) ) )
  '  |____| .__|_| |_|_| |_\__, | / / / /
 =========|_|==============|___/=/_/_/_/
 :: Spring Boot ::        (v1.3.1.RELEASE)

2016-01-24 12:30:08.292  INFO 27215 --- [           main] com.example.DemoApplication              : Starting DemoApplication on Moliere.marcpa.maison with PID 27215 (/Users/marcpa/Code/jrebel-spring-boot/boot-ratpack-groovy-springcloud/build/classes/main started by marcpa in /Users/marcpa/Code/jrebel-spring-boot/boot-ratpack-groovy-springcloud)
2016-01-24 12:30:08.292  INFO 27215 --- [           main] com.example.DemoApplication              : No active profile set, falling back to default profiles: default
2016-01-24 12:30:08.338  INFO 27215 --- [           main] s.c.a.AnnotationConfigApplicationContext : Refreshing org.springframework.context.annotation.AnnotationConfigApplicationContext@760cf594: startup date [Sun Jan 24 12:30:08 EST 2016]; root of context hierarchy
2016-01-24 12:30:08.829  INFO 27215 --- [           main] f.a.AutowiredAnnotationBeanPostProcessor : JSR-330 'javax.inject.Inject' annotation found and supported for autowiring
2016-01-24 12:30:08.984  INFO 27215 --- [           main] o.s.j.e.a.AnnotationMBeanExporter        : Registering beans for JMX exposure on startup
2016-01-24 12:30:08.993  INFO 27215 --- [           main] com.example.DemoApplication              : Started DemoApplication in 1.058 seconds (JVM running for 3.983)
2016-01-24 12:30:09.060  INFO 27215 --- [           main] ratpack.server.RatpackServer             : Ratpack started (development) for http://localhost:5050
2016-01-24 12:30:18.243  INFO 27215 --- [ck-blocking-3-1] com.example.MyHandler                    : received json body : { "name":"marc" }
2016-01-24 12:30:18.244  INFO 27215 --- [ack-compute-1-3] com.example.MyHandler                    : in then block, var passed to closure (jsonBodyText) is : '{ "name":"marc" }'
2016-01-24 12:33:37 JRebel: Reloading class 'com.example.MyHandler'.
2016-01-24 12:33:37 JRebel: Reconfiguring singleton 'com.example.MyHandler'.
2016-01-24 12:33:37 JRebel: Reloading class 'com.example.MyHandler$_handle_closure1'.
2016-01-24 12:33:37 JRebel: Reloading class 'com.example.MyHandler$_handle_closure1$_closure2'.
2016-01-24 12:33:37 JRebel: Reloading class 'com.example.MyHandler$_handle_closure1$_closure2$_closure3'.
2016-01-24 12:33:37 JRebel: Reloading class 'com.example.MyHandler$_handle_closure1$_closure2$_closure4'.
2016-01-24 12:33:37.358  INFO 27215 --- [ck-blocking-3-2] com.example.MyHandler                    : * received json body : { "name":"marc" }
2016-01-24 12:33:37.359  INFO 27215 --- [ack-compute-1-4] com.example.MyHandler                    : * in then block, var passed to closure (jsonBodyText) is : '{ "name":"marc" }'
> Building 87% > :run