[marcpa@MarcPaquette boot-ratpack-groovy-springcloud]$ ./gradlew clean run
Picked up JAVA_TOOL_OPTIONS: -Dfile.encoding=UTF-8
Starting a new Gradle Daemon for this build (subsequent builds will be faster).
:clean
:compileJava
:compileGroovy
Picked up JAVA_TOOL_OPTIONS: -Dfile.encoding=UTF-8
:processResources
:classes
:configureRun
:generateRebel
:run
Picked up JAVA_TOOL_OPTIONS: -Dfile.encoding=UTF-8
objc[57350]: Class JavaLaunchHelper is implemented in both /Library/Java/JavaVirtualMachines/jdk1.8.0_60.jdk/Contents/Home/bin/java and /Library/Java/JavaVirtualMachines/jdk1.8.0_60.jdk/Contents/Home/jre/lib/libinstrument.dylib. One of the two will be used. Which one is undefined.
JRebel: Starting logging to file: /Users/marcpa/.jrebel/jrebel.log
2016-01-24 13:38:15 JRebel:
2016-01-24 13:38:15 JRebel:  #############################################################
2016-01-24 13:38:15 JRebel:
2016-01-24 13:38:15 JRebel:  JRebel Legacy Agent 6.3.1 (201512181654)
2016-01-24 13:38:15 JRebel:  (c) Copyright ZeroTurnaround AS, Estonia, Tartu.
2016-01-24 13:38:15 JRebel:
2016-01-24 13:38:15 JRebel: A newer version '6.3.2' is available for download
2016-01-24 13:38:15 JRebel: from http://zeroturnaround.com/software/jrebel/download/
2016-01-24 13:38:15 JRebel:
2016-01-24 13:38:15 JRebel: Directory '/Users/marcpa/Code/jrebel-spring-boot/boot-ratpack-groovy-springcloud/build/resources/main' will be monitored for changes.
2016-01-24 13:38:15 JRebel: Directory '/Users/marcpa/Code/jrebel-spring-boot/boot-ratpack-groovy-springcloud/build/classes/main' will be monitored for changes.
2016-01-24 13:38:15 JRebel:
2016-01-24 13:38:15 JRebel:  Over the last 30 days JRebel prevented
2016-01-24 13:38:15 JRebel:  at least 50 redeploys/restarts saving you about 2 hours.
2016-01-24 13:38:15 JRebel:
2016-01-24 13:38:15 JRebel:  Over the last 365 days JRebel prevented
2016-01-24 13:38:15 JRebel:  at least 1045 redeploys/restarts saving you about 42,4 hours.
2016-01-24 13:38:15 JRebel:
2016-01-24 13:38:15 JRebel:  Licensed to Marc Paquette (ACCEO Solutions Inc. - Montreal)
2016-01-24 13:38:15 JRebel:
2016-01-24 13:38:15 JRebel:  License type: dedicated
2016-01-24 13:38:15 JRebel:  Valid from: June 26, 2015
2016-01-24 13:38:15 JRebel:  Valid until: June 25, 2016
2016-01-24 13:38:15 JRebel:
2016-01-24 13:38:15 JRebel:
2016-01-24 13:38:15 JRebel:  #############################################################
2016-01-24 13:38:15 JRebel:
13:38:15.775 [main] DEBUG i.n.u.i.l.InternalLoggerFactory - Using SLF4J as the default logging framework
13:38:15.781 [main] DEBUG io.netty.util.ResourceLeakDetector - -Dio.netty.leakDetection.level: simple
13:38:15.782 [main] DEBUG io.netty.util.ResourceLeakDetector - -Dio.netty.leakDetection.maxRecords: 4
13:38:15.787 [main] INFO  ratpack.server.RatpackServer - Starting server...
13:38:16.081 [main] DEBUG i.n.util.internal.PlatformDependent0 - java.nio.Buffer.address: available
13:38:16.081 [main] DEBUG i.n.util.internal.PlatformDependent0 - sun.misc.Unsafe.theUnsafe: available
13:38:16.081 [main] DEBUG i.n.util.internal.PlatformDependent0 - sun.misc.Unsafe.copyMemory: available
13:38:16.081 [main] DEBUG i.n.util.internal.PlatformDependent0 - java.nio.Bits.unaligned: true
13:38:16.082 [main] DEBUG i.n.util.internal.PlatformDependent - Java version: 8
13:38:16.082 [main] DEBUG i.n.util.internal.PlatformDependent - -Dio.netty.noUnsafe: false
13:38:16.082 [main] DEBUG i.n.util.internal.PlatformDependent - sun.misc.Unsafe: available
13:38:16.082 [main] DEBUG i.n.util.internal.PlatformDependent - -Dio.netty.noJavassist: false
13:38:16.145 [main] DEBUG i.n.util.internal.PlatformDependent - Javassist: available
13:38:16.145 [main] DEBUG i.n.util.internal.PlatformDependent - -Dio.netty.tmpdir: /var/folders/jq/phyt33l88xj9nz0059b__0nh0000gv/T (java.io.tmpdir)
13:38:16.145 [main] DEBUG i.n.util.internal.PlatformDependent - -Dio.netty.bitMode: 64 (sun.arch.data.model)
13:38:16.145 [main] DEBUG i.n.util.internal.PlatformDependent - -Dio.netty.noPreferDirect: false
13:38:16.170 [main] DEBUG i.n.buffer.PooledByteBufAllocator - -Dio.netty.allocator.numHeapArenas: 16
13:38:16.171 [main] DEBUG i.n.buffer.PooledByteBufAllocator - -Dio.netty.allocator.numDirectArenas: 16
13:38:16.171 [main] DEBUG i.n.buffer.PooledByteBufAllocator - -Dio.netty.allocator.pageSize: 8192
13:38:16.171 [main] DEBUG i.n.buffer.PooledByteBufAllocator - -Dio.netty.allocator.maxOrder: 11
13:38:16.171 [main] DEBUG i.n.buffer.PooledByteBufAllocator - -Dio.netty.allocator.chunkSize: 16777216
13:38:16.171 [main] DEBUG i.n.buffer.PooledByteBufAllocator - -Dio.netty.allocator.tinyCacheSize: 512
13:38:16.171 [main] DEBUG i.n.buffer.PooledByteBufAllocator - -Dio.netty.allocator.smallCacheSize: 256
13:38:16.171 [main] DEBUG i.n.buffer.PooledByteBufAllocator - -Dio.netty.allocator.normalCacheSize: 64
13:38:16.171 [main] DEBUG i.n.buffer.PooledByteBufAllocator - -Dio.netty.allocator.maxCachedBufferCapacity: 32768
13:38:16.171 [main] DEBUG i.n.buffer.PooledByteBufAllocator - -Dio.netty.allocator.cacheTrimInterval: 8192
13:38:16.178 [main] DEBUG io.netty.buffer.ByteBufUtil - -Dio.netty.allocator.type: pooled
13:38:16.178 [main] DEBUG io.netty.buffer.ByteBufUtil - -Dio.netty.threadLocalDirectBufferSize: 65536
13:38:16.839 [main] DEBUG i.n.c.MultithreadEventLoopGroup - -Dio.netty.eventLoopThreads: 16
13:38:16.852 [main] DEBUG io.netty.channel.nio.NioEventLoop - -Dio.netty.noKeySetOptimization: false
13:38:16.852 [main] DEBUG io.netty.channel.nio.NioEventLoop - -Dio.netty.selectorAutoRebuildThreshold: 512
13:38:16.864 [main] DEBUG i.n.u.i.JavassistTypeParameterMatcherGenerator - Generated: io.netty.util.internal.__matchers__.io.netty.handler.codec.http.HttpRequestMatcher
13:38:16.865 [main] INFO  ratpack.server.RatpackServer - Building registry...
2016-01-24 13:38:17 JRebel: Monitoring resource '/Users/marcpa/Code/jrebel-spring-boot/boot-ratpack-groovy-springcloud/build/resources/main/bootstrap.yml'.
2016-01-24 13:38:17.841  INFO 57350 --- [           main] ratpack.groovy.GroovyRatpackMain         : Starting GroovyRatpackMain on Moliere.marcpa.maison with PID 57350 (/Users/marcpa/.gradle/caches/modules-2/files-2.1/io.ratpack/ratpack-groovy/1.1.1/8e47a494ad681d86b9c3b3f72b3ee062cf54f8f/ratpack-groovy-1.1.1.jar started by marcpa in /Users/marcpa/Code/jrebel-spring-boot/boot-ratpack-groovy-springcloud)
2016-01-24 13:38:17.842  INFO 57350 --- [           main] ratpack.groovy.GroovyRatpackMain         : No active profile set, falling back to default profiles: default
2016-01-24 13:38:17.886  INFO 57350 --- [           main] s.c.a.AnnotationConfigApplicationContext : Refreshing org.springframework.context.annotation.AnnotationConfigApplicationContext@4437ac07: startup date [Sun Jan 24 13:38:17 EST 2016]; root of context hierarchy
2016-01-24 13:38:18.111  INFO 57350 --- [           main] f.a.AutowiredAnnotationBeanPostProcessor : JSR-330 'javax.inject.Inject' annotation found and supported for autowiring
2016-01-24 13:38:18.131  INFO 57350 --- [           main] trationDelegate$BeanPostProcessorChecker : Bean 'configurationPropertiesRebinderAutoConfiguration' of type [class org.springframework.cloud.autoconfigure.ConfigurationPropertiesRebinderAutoConfiguration$$EnhancerBySpringCGLIB$$6b8bfb9e] is not eligible for getting processed by all BeanPostProcessors (for example: not eligible for auto-proxying)
2016-01-24 13:38:18.249  INFO 57350 --- [           main] ratpack.groovy.GroovyRatpackMain         : Started GroovyRatpackMain in 0.832 seconds (JVM running for 3.98)

  .   ____          _            __ _ _
 /\\ / ___'_ __ _ _(_)_ __  __ _ \ \ \ \
( ( )\___ | '_ | '_| | '_ \/ _` | \ \ \ \
 \\/  ___)| |_)| | | | | || (_| |  ) ) ) )
  '  |____| .__|_| |_|_| |_\__, | / / / /
 =========|_|==============|___/=/_/_/_/
 :: Spring Boot ::        (v1.3.1.RELEASE)

2016-01-24 13:38:18.281  INFO 57350 --- [           main] com.example.DemoApplication              : No active profile set, falling back to default profiles: default
2016-01-24 13:38:18.296  INFO 57350 --- [           main] s.c.a.AnnotationConfigApplicationContext : Refreshing org.springframework.context.annotation.AnnotationConfigApplicationContext@2d119405: startup date [Sun Jan 24 13:38:18 EST 2016]; parent: org.springframework.context.annotation.AnnotationConfigApplicationContext@4437ac07
2016-01-24 13:38:18.827  INFO 57350 --- [           main] o.s.cloud.context.scope.GenericScope     : BeanFactory id=c171a81d-af19-3719-bb1e-03e890806046
2016-01-24 13:38:18.830  INFO 57350 --- [           main] f.a.AutowiredAnnotationBeanPostProcessor : JSR-330 'javax.inject.Inject' annotation found and supported for autowiring
2016-01-24 13:38:18.839  INFO 57350 --- [           main] trationDelegate$BeanPostProcessorChecker : Bean 'org.springframework.cloud.autoconfigure.ConfigurationPropertiesRebinderAutoConfiguration' of type [class org.springframework.cloud.autoconfigure.ConfigurationPropertiesRebinderAutoConfiguration$$EnhancerBySpringCGLIB$$6b8bfb9e] is not eligible for getting processed by all BeanPostProcessors (for example: not eligible for auto-proxying)
2016-01-24 13:38:19.322  WARN 57350 --- [           main] c.n.c.sources.URLConfigurationSource     : No URLs will be polled as dynamic configuration sources.
2016-01-24 13:38:19.322  INFO 57350 --- [           main] c.n.c.sources.URLConfigurationSource     : To enable URLs as dynamic configuration sources, define System property archaius.configurationSource.additionalUrls or make config.properties available on classpath.
2016-01-24 13:38:19.328  WARN 57350 --- [           main] c.n.c.sources.URLConfigurationSource     : No URLs will be polled as dynamic configuration sources.
2016-01-24 13:38:19.328  INFO 57350 --- [           main] c.n.c.sources.URLConfigurationSource     : To enable URLs as dynamic configuration sources, define System property archaius.configurationSource.additionalUrls or make config.properties available on classpath.
2016-01-24 13:38:19.384  INFO 57350 --- [           main] o.s.j.e.a.AnnotationMBeanExporter        : Registering beans for JMX exposure on startup
2016-01-24 13:38:19.393  INFO 57350 --- [           main] o.s.j.e.a.AnnotationMBeanExporter        : Bean with name 'refreshScope' has been autodetected for JMX exposure
2016-01-24 13:38:19.394  INFO 57350 --- [           main] o.s.j.e.a.AnnotationMBeanExporter        : Bean with name 'environmentManager' has been autodetected for JMX exposure
2016-01-24 13:38:19.398  INFO 57350 --- [           main] o.s.j.e.a.AnnotationMBeanExporter        : Bean with name 'configurationPropertiesRebinder' has been autodetected for JMX exposure
2016-01-24 13:38:19.400  INFO 57350 --- [           main] o.s.j.e.a.AnnotationMBeanExporter        : Located managed bean 'environmentManager': registering with JMX server as MBean [org.springframework.cloud.context.environment:name=environmentManager,type=EnvironmentManager]
2016-01-24 13:38:19.411  INFO 57350 --- [           main] o.s.j.e.a.AnnotationMBeanExporter        : Located managed bean 'refreshScope': registering with JMX server as MBean [org.springframework.cloud.context.scope.refresh:name=refreshScope,type=RefreshScope]
2016-01-24 13:38:19.417  INFO 57350 --- [           main] o.s.j.e.a.AnnotationMBeanExporter        : Located managed bean 'configurationPropertiesRebinder': registering with JMX server as MBean [org.springframework.cloud.context.properties:name=configurationPropertiesRebinder,context=2d119405,type=ConfigurationPropertiesRebinder]
2016-01-24 13:38:19.495  INFO 57350 --- [           main] o.s.c.support.DefaultLifecycleProcessor  : Starting beans in phase 0
2016-01-24 13:38:19.505  INFO 57350 --- [           main] o.s.c.n.eureka.InstanceInfoFactory       : Setting initial instance status as: STARTING
2016-01-24 13:38:19.705  INFO 57350 --- [           main] c.n.d.provider.DiscoveryJerseyProvider   : Using encoding codec LegacyJacksonJson
2016-01-24 13:38:19.706  INFO 57350 --- [           main] c.n.d.provider.DiscoveryJerseyProvider   : Using decoding codec LegacyJacksonJson
2016-01-24 13:38:19.939  INFO 57350 --- [           main] c.n.d.provider.DiscoveryJerseyProvider   : Using encoding codec LegacyJacksonJson
2016-01-24 13:38:19.939  INFO 57350 --- [           main] c.n.d.provider.DiscoveryJerseyProvider   : Using decoding codec LegacyJacksonJson
2016-01-24 13:38:20.029  INFO 57350 --- [           main] com.netflix.discovery.DiscoveryClient    : Disable delta property : false
2016-01-24 13:38:20.029  INFO 57350 --- [           main] com.netflix.discovery.DiscoveryClient    : Single vip registry refresh property : null
2016-01-24 13:38:20.029  INFO 57350 --- [           main] com.netflix.discovery.DiscoveryClient    : Force full registry fetch : false
2016-01-24 13:38:20.029  INFO 57350 --- [           main] com.netflix.discovery.DiscoveryClient    : Application is null : false
2016-01-24 13:38:20.029  INFO 57350 --- [           main] com.netflix.discovery.DiscoveryClient    : Registered Applications size is zero : true
2016-01-24 13:38:20.030  INFO 57350 --- [           main] com.netflix.discovery.DiscoveryClient    : Application version is -1: true
2016-01-24 13:38:20.030  INFO 57350 --- [           main] com.netflix.discovery.DiscoveryClient    : Getting all instance registry info from the eureka server
2016-01-24 13:38:20.286  INFO 57350 --- [           main] com.netflix.discovery.DiscoveryClient    : The response status is 200
2016-01-24 13:38:20.288  INFO 57350 --- [           main] com.netflix.discovery.DiscoveryClient    : Starting heartbeat executor: renew interval is: 30
2016-01-24 13:38:20.291  INFO 57350 --- [           main] c.n.discovery.InstanceInfoReplicator     : InstanceInfoReplicator onDemand update allowed rate per min is 4
2016-01-24 13:38:20.318  INFO 57350 --- [           main] c.n.e.EurekaDiscoveryClientConfiguration : Registering application boot-in-ratpack with eureka with status UP
2016-01-24 13:38:20.319  INFO 57350 --- [           main] com.netflix.discovery.DiscoveryClient    : Saw local status change event StatusChangeEvent [current=UP, previous=STARTING]
2016-01-24 13:38:20.322  INFO 57350 --- [nfoReplicator-0] com.netflix.discovery.DiscoveryClient    : DiscoveryClient_BOOT-IN-RATPACK/moliere.marcpa.maison:boot-in-ratpack:5050: registering service...
2016-01-24 13:38:20.333  INFO 57350 --- [           main] com.example.DemoApplication              : Started DemoApplication in 2.974 seconds (JVM running for 6.064)
2016-01-24 13:38:20.404  INFO 57350 --- [nfoReplicator-0] com.netflix.discovery.DiscoveryClient    : DiscoveryClient_BOOT-IN-RATPACK/moliere.marcpa.maison:boot-in-ratpack:5050 - registration status: 204
2016-01-24 13:38:20.612  INFO 57350 --- [           main] ratpack.server.RatpackServer             : Ratpack started (development) for http://localhost:5050
2016-01-24 13:38:35.333  INFO 57350 --- [ck-blocking-3-1] com.example.MyHandler                    : * received json body : { "name":"marc" }
2016-01-24 13:38:35.334  INFO 57350 --- [ack-compute-1-2] com.example.MyHandler                    : * in then block, var passed to closure (jsonBodyText) is : '{ "name":"marc" }'
2016-01-24 13:38:50.303  INFO 57350 --- [pool-4-thread-1] com.netflix.discovery.DiscoveryClient    : DiscoveryClient_BOOT-IN-RATPACK/moliere.marcpa.maison:boot-in-ratpack:5050 - Re-registering apps/BOOT-IN-RATPACK
2016-01-24 13:38:50.303  INFO 57350 --- [pool-4-thread-1] com.netflix.discovery.DiscoveryClient    : DiscoveryClient_BOOT-IN-RATPACK/moliere.marcpa.maison:boot-in-ratpack:5050: registering service...
2016-01-24 13:38:50.308  INFO 57350 --- [pool-4-thread-1] com.netflix.discovery.DiscoveryClient    : DiscoveryClient_BOOT-IN-RATPACK/moliere.marcpa.maison:boot-in-ratpack:5050 - registration status: 204
2016-01-24 13:39:20.313  INFO 57350 --- [pool-4-thread-1] com.netflix.discovery.DiscoveryClient    : DiscoveryClient_BOOT-IN-RATPACK/moliere.marcpa.maison:boot-in-ratpack:5050 - Re-registering apps/BOOT-IN-RATPACK
2016-01-24 13:39:20.313  INFO 57350 --- [pool-4-thread-1] com.netflix.discovery.DiscoveryClient    : DiscoveryClient_BOOT-IN-RATPACK/moliere.marcpa.maison:boot-in-ratpack:5050: registering service...
2016-01-24 13:39:20.317  INFO 57350 --- [pool-4-thread-1] com.netflix.discovery.DiscoveryClient    : DiscoveryClient_BOOT-IN-RATPACK/moliere.marcpa.maison:boot-in-ratpack:5050 - registration status: 204
2016-01-24 13:39:50.322  INFO 57350 --- [pool-4-thread-1] com.netflix.discovery.DiscoveryClient    : DiscoveryClient_BOOT-IN-RATPACK/moliere.marcpa.maison:boot-in-ratpack:5050 - Re-registering apps/BOOT-IN-RATPACK
2016-01-24 13:39:50.322  INFO 57350 --- [pool-4-thread-1] com.netflix.discovery.DiscoveryClient    : DiscoveryClient_BOOT-IN-RATPACK/moliere.marcpa.maison:boot-in-ratpack:5050: registering service...
2016-01-24 13:39:50.326  INFO 57350 --- [pool-4-thread-1] com.netflix.discovery.DiscoveryClient    : DiscoveryClient_BOOT-IN-RATPACK/moliere.marcpa.maison:boot-in-ratpack:5050 - registration status: 204
2016-01-24 13:39:53 JRebel: Reloading class 'com.example.MyHandler'.
2016-01-24 13:39:53 JRebel: Reconfiguring singleton 'com.example.MyHandler'.
2016-01-24 13:39:53 JRebel: Reloading class 'com.example.MyHandler$_handle_closure1'.
2016-01-24 13:39:53 JRebel: Reloading class 'com.example.MyHandler$_handle_closure1$_closure2'.
2016-01-24 13:39:53 JRebel: Reloading class 'com.example.MyHandler$_handle_closure1$_closure2$_closure3'.
2016-01-24 13:39:53 JRebel: Reloading class 'com.example.MyHandler$_handle_closure1$_closure2$_closure4'.
2016-01-24 13:39:53.741  INFO 57350 --- [ck-blocking-3-2] com.example.MyHandler                    : *(with eureka client) received json body : { "name":"marc" }
2016-01-24 13:39:53.742  INFO 57350 --- [ack-compute-1-3] com.example.MyHandler                    : *(with eureka client) in then block, var passed to closure (jsonBodyText) is : '{ "name":"marc" }'
2016-01-24 13:40:20.331  INFO 57350 --- [pool-4-thread-1] com.netflix.discovery.DiscoveryClient    : DiscoveryClient_BOOT-IN-RATPACK/moliere.marcpa.maison:boot-in-ratpack:5050 - Re-registering apps/BOOT-IN-RATPACK
2016-01-24 13:40:20.331  INFO 57350 --- [pool-4-thread-1] com.netflix.discovery.DiscoveryClient    : DiscoveryClient_BOOT-IN-RATPACK/moliere.marcpa.maison:boot-in-ratpack:5050: registering service...
2016-01-24 13:40:20.339  INFO 57350 --- [pool-4-thread-1] com.netflix.discovery.DiscoveryClient    : DiscoveryClient_BOOT-IN-RATPACK/moliere.marcpa.maison:boot-in-ratpack:5050 - registration status: 204
2016-01-24 13:40:50.343  INFO 57350 --- [pool-4-thread-1] com.netflix.discovery.DiscoveryClient    : DiscoveryClient_BOOT-IN-RATPACK/moliere.marcpa.maison:boot-in-ratpack:5050 - Re-registering apps/BOOT-IN-RATPACK
2016-01-24 13:40:50.343  INFO 57350 --- [pool-4-thread-1] com.netflix.discovery.DiscoveryClient    : DiscoveryClient_BOOT-IN-RATPACK/moliere.marcpa.maison:boot-in-ratpack:5050: registering service...
2016-01-24 13:40:50.347  INFO 57350 --- [pool-4-thread-1] com.netflix.discovery.DiscoveryClient    : DiscoveryClient_BOOT-IN-RATPACK/moliere.marcpa.maison:boot-in-ratpack:5050 - registration status: 204
2016-01-24 13:41:20.355  INFO 57350 --- [pool-4-thread-1] com.netflix.discovery.DiscoveryClient    : DiscoveryClient_BOOT-IN-RATPACK/moliere.marcpa.maison:boot-in-ratpack:5050 - Re-registering apps/BOOT-IN-RATPACK
2016-01-24 13:41:20.355  INFO 57350 --- [pool-4-thread-1] com.netflix.discovery.DiscoveryClient    : DiscoveryClient_BOOT-IN-RATPACK/moliere.marcpa.maison:boot-in-ratpack:5050: registering service...
2016-01-24 13:41:20.359  INFO 57350 --- [pool-4-thread-1] com.netflix.discovery.DiscoveryClient    : DiscoveryClient_BOOT-IN-RATPACK/moliere.marcpa.maison:boot-in-ratpack:5050 - registration status: 204
> Building 87% > :run